<?xml version="1.0" encoding="UTF-8"?>
<testsuite xmlns:xsi="http://www.w3.org/2001/XMLSchema-instance" xsi:noNamespaceSchemaLocation="https://maven.apache.org/surefire/maven-surefire-plugin/xsd/surefire-test-report.xsd" name="parallel.ParallelRun" time="106.306" tests="8" errors="0" skipped="0" failures="5">
  <properties>
    <property name="sun.desktop" value="windows"/>
    <property name="awt.toolkit" value="sun.awt.windows.WToolkit"/>
    <property name="java.specification.version" value="11"/>
    <property name="sun.cpu.isalist" value="amd64"/>
    <property name="sun.jnu.encoding" value="Cp1252"/>
    <property name="java.class.path" value="F:\MultiThreadedCucumberTestNgFramework\multiThread\target\test-classes;F:\MultiThreadedCucumberTestNgFramework\multiThread\target\classes;C:\Users\User\.m2\repository\io\cucumber\cucumber-java\6.9.0\cucumber-java-6.9.0.jar;C:\Users\User\.m2\repository\io\cucumber\cucumber-core\6.9.0\cucumber-core-6.9.0.jar;C:\Users\User\.m2\repository\io\cucumber\cucumber-gherkin\6.9.0\cucumber-gherkin-6.9.0.jar;C:\Users\User\.m2\repository\io\cucumber\cucumber-gherkin-messages\6.9.0\cucumber-gherkin-messages-6.9.0.jar;C:\Users\User\.m2\repository\io\cucumber\messages\13.2.0\messages-13.2.0.jar;C:\Users\User\.m2\repository\io\cucumber\tag-expressions\3.0.0\tag-expressions-3.0.0.jar;C:\Users\User\.m2\repository\io\cucumber\cucumber-expressions\10.3.0\cucumber-expressions-10.3.0.jar;C:\Users\User\.m2\repository\io\cucumber\datatable\3.5.0\datatable-3.5.0.jar;C:\Users\User\.m2\repository\io\cucumber\cucumber-plugin\6.9.0\cucumber-plugin-6.9.0.jar;C:\Users\User\.m2\repository\io\cucumber\docstring\6.9.0\docstring-6.9.0.jar;C:\Users\User\.m2\repository\io\cucumber\html-formatter\9.0.0\html-formatter-9.0.0.jar;C:\Users\User\.m2\repository\io\cucumber\create-meta\2.0.4\create-meta-2.0.4.jar;C:\Users\User\.m2\repository\org\apiguardian\apiguardian-api\1.1.0\apiguardian-api-1.1.0.jar;C:\Users\User\.m2\repository\io\cucumber\cucumber-junit\6.9.0\cucumber-junit-6.9.0.jar;C:\Users\User\.m2\repository\junit\junit\4.13.1\junit-4.13.1.jar;C:\Users\User\.m2\repository\org\hamcrest\hamcrest-core\1.3\hamcrest-core-1.3.jar;C:\Users\User\.m2\repository\org\seleniumhq\selenium\selenium-java\3.141.59\selenium-java-3.141.59.jar;C:\Users\User\.m2\repository\org\seleniumhq\selenium\selenium-api\3.141.59\selenium-api-3.141.59.jar;C:\Users\User\.m2\repository\org\seleniumhq\selenium\selenium-chrome-driver\3.141.59\selenium-chrome-driver-3.141.59.jar;C:\Users\User\.m2\repository\org\seleniumhq\selenium\selenium-edge-driver\3.141.59\selenium-edge-driver-3.141.59.jar;C:\Users\User\.m2\repository\org\seleniumhq\selenium\selenium-firefox-driver\3.141.59\selenium-firefox-driver-3.141.59.jar;C:\Users\User\.m2\repository\org\seleniumhq\selenium\selenium-ie-driver\3.141.59\selenium-ie-driver-3.141.59.jar;C:\Users\User\.m2\repository\org\seleniumhq\selenium\selenium-opera-driver\3.141.59\selenium-opera-driver-3.141.59.jar;C:\Users\User\.m2\repository\org\seleniumhq\selenium\selenium-remote-driver\3.141.59\selenium-remote-driver-3.141.59.jar;C:\Users\User\.m2\repository\org\seleniumhq\selenium\selenium-safari-driver\3.141.59\selenium-safari-driver-3.141.59.jar;C:\Users\User\.m2\repository\org\seleniumhq\selenium\selenium-support\3.141.59\selenium-support-3.141.59.jar;C:\Users\User\.m2\repository\net\bytebuddy\byte-buddy\1.8.15\byte-buddy-1.8.15.jar;C:\Users\User\.m2\repository\org\apache\commons\commons-exec\1.3\commons-exec-1.3.jar;C:\Users\User\.m2\repository\com\google\guava\guava\25.0-jre\guava-25.0-jre.jar;C:\Users\User\.m2\repository\com\google\code\findbugs\jsr305\1.3.9\jsr305-1.3.9.jar;C:\Users\User\.m2\repository\org\checkerframework\checker-compat-qual\2.0.0\checker-compat-qual-2.0.0.jar;C:\Users\User\.m2\repository\com\google\errorprone\error_prone_annotations\2.1.3\error_prone_annotations-2.1.3.jar;C:\Users\User\.m2\repository\com\google\j2objc\j2objc-annotations\1.1\j2objc-annotations-1.1.jar;C:\Users\User\.m2\repository\org\codehaus\mojo\animal-sniffer-annotations\1.14\animal-sniffer-annotations-1.14.jar;C:\Users\User\.m2\repository\com\squareup\okhttp3\okhttp\3.11.0\okhttp-3.11.0.jar;C:\Users\User\.m2\repository\com\squareup\okio\okio\1.14.0\okio-1.14.0.jar;C:\Users\User\.m2\repository\io\github\bonigarcia\webdrivermanager\4.2.2\webdrivermanager-4.2.2.jar;C:\Users\User\.m2\repository\org\slf4j\slf4j-api\1.7.30\slf4j-api-1.7.30.jar;C:\Users\User\.m2\repository\commons-io\commons-io\2.8.0\commons-io-2.8.0.jar;C:\Users\User\.m2\repository\com\google\code\gson\gson\2.8.6\gson-2.8.6.jar;C:\Users\User\.m2\repository\org\apache\commons\commons-lang3\3.11\commons-lang3-3.11.jar;C:\Users\User\.m2\repository\org\apache\httpcomponents\client5\httpclient5\5.0.1\httpclient5-5.0.1.jar;C:\Users\User\.m2\repository\org\apache\httpcomponents\core5\httpcore5\5.0.1\httpcore5-5.0.1.jar;C:\Users\User\.m2\repository\org\apache\httpcomponents\core5\httpcore5-h2\5.0.1\httpcore5-h2-5.0.1.jar;C:\Users\User\.m2\repository\org\rauschig\jarchivelib\1.1.0\jarchivelib-1.1.0.jar;C:\Users\User\.m2\repository\org\jsoup\jsoup\1.13.1\jsoup-1.13.1.jar;C:\Users\User\.m2\repository\tech\grasshopper\extentreports-cucumber6-adapter\2.6.0\extentreports-cucumber6-adapter-2.6.0.jar;C:\Users\User\.m2\repository\com\aventstack\extentreports\5.0.5\extentreports-5.0.5.jar;C:\Users\User\.m2\repository\io\reactivex\rxjava3\rxjava\3.0.4\rxjava-3.0.4.jar;C:\Users\User\.m2\repository\org\reactivestreams\reactive-streams\1.0.3\reactive-streams-1.0.3.jar;C:\Users\User\.m2\repository\org\freemarker\freemarker\2.3.30\freemarker-2.3.30.jar;C:\Users\User\.m2\repository\org\projectlombok\lombok\1.18.12\lombok-1.18.12.jar;C:\Users\User\.m2\repository\tech\grasshopper\extent-pdf-report\1.5.0\extent-pdf-report-1.5.0.jar;C:\Users\User\.m2\repository\tech\grasshopper\cucumber-pdf-report\1.7.0\cucumber-pdf-report-1.7.0.jar;C:\Users\User\.m2\repository\org\apache\pdfbox\pdfbox\2.0.21\pdfbox-2.0.21.jar;C:\Users\User\.m2\repository\org\apache\pdfbox\fontbox\2.0.21\fontbox-2.0.21.jar;C:\Users\User\.m2\repository\org\knowm\xchart\xchart\3.6.5\xchart-3.6.5.jar;C:\Users\User\.m2\repository\de\erichseifert\vectorgraphics2d\VectorGraphics2D\0.13\VectorGraphics2D-0.13.jar;C:\Users\User\.m2\repository\de\rototor\pdfbox\graphics2d\0.27\graphics2d-0.27.jar;C:\Users\User\.m2\repository\com\madgag\animated-gif-lib\1.4\animated-gif-lib-1.4.jar;C:\Users\User\.m2\repository\com\github\vandeseer\easytable\0.7.1\easytable-0.7.1.jar;C:\Users\User\.m2\repository\com\github\ralfstuckert\pdfbox-layout\pdfbox2-layout\1.0.0\pdfbox2-layout-1.0.0.jar;C:\Users\User\.m2\repository\org\yaml\snakeyaml\1.27\snakeyaml-1.27.jar;C:\Users\User\.m2\repository\com\aventstack\klov-reporter\5.0.5\klov-reporter-5.0.5.jar;C:\Users\User\.m2\repository\org\mongodb\bson\3.6.4\bson-3.6.4.jar;C:\Users\User\.m2\repository\org\apache\httpcomponents\httpclient\4.5.2\httpclient-4.5.2.jar;C:\Users\User\.m2\repository\org\apache\httpcomponents\httpcore\4.4.4\httpcore-4.4.4.jar;C:\Users\User\.m2\repository\commons-logging\commons-logging\1.2\commons-logging-1.2.jar;C:\Users\User\.m2\repository\org\apache\httpcomponents\httpmime\4.5.2\httpmime-4.5.2.jar;C:\Users\User\.m2\repository\org\mongodb\mongodb-driver\3.3.0\mongodb-driver-3.3.0.jar;C:\Users\User\.m2\repository\org\mongodb\mongodb-driver-core\3.3.0\mongodb-driver-core-3.3.0.jar;C:\Users\User\.m2\repository\org\testng\testng\6.14.3\testng-6.14.3.jar;C:\Users\User\.m2\repository\com\beust\jcommander\1.72\jcommander-1.72.jar;C:\Users\User\.m2\repository\org\apache-extras\beanshell\bsh\2.0b6\bsh-2.0b6.jar;C:\Users\User\.m2\repository\io\cucumber\cucumber-testng\6.9.0\cucumber-testng-6.9.0.jar;C:\Users\User\.m2\repository\org\apache\poi\poi\4.1.2\poi-4.1.2.jar;C:\Users\User\.m2\repository\commons-codec\commons-codec\1.13\commons-codec-1.13.jar;C:\Users\User\.m2\repository\org\apache\commons\commons-collections4\4.4\commons-collections4-4.4.jar;C:\Users\User\.m2\repository\org\apache\commons\commons-math3\3.6.1\commons-math3-3.6.1.jar;C:\Users\User\.m2\repository\com\zaxxer\SparseBitSet\1.2\SparseBitSet-1.2.jar;C:\Users\User\.m2\repository\org\apache\poi\poi-ooxml\4.1.2\poi-ooxml-4.1.2.jar;C:\Users\User\.m2\repository\org\apache\poi\poi-ooxml-schemas\4.1.2\poi-ooxml-schemas-4.1.2.jar;C:\Users\User\.m2\repository\org\apache\xmlbeans\xmlbeans\3.1.0\xmlbeans-3.1.0.jar;C:\Users\User\.m2\repository\org\apache\commons\commons-compress\1.19\commons-compress-1.19.jar;C:\Users\User\.m2\repository\com\github\virtuald\curvesapi\1.06\curvesapi-1.06.jar;"/>
    <property name="java.vm.vendor" value="Oracle Corporation"/>
    <property name="sun.arch.data.model" value="64"/>
    <property name="user.variant" value=""/>
    <property name="java.vendor.url" value="http://java.oracle.com/"/>
    <property name="user.timezone" value="Asia/Calcutta"/>
    <property name="java.vm.specification.version" value="11"/>
    <property name="os.name" value="Windows 10"/>
    <property name="sun.java.launcher" value="SUN_STANDARD"/>
    <property name="user.country" value="IN"/>
    <property name="sun.boot.library.path" value="C:\Program Files\Java\jdk-11.0.2\bin"/>
    <property name="sun.java.command" value="C:\Users\User\AppData\Local\Temp\surefire16185521869871080941\surefirebooter8741044332906595636.jar C:\Users\User\AppData\Local\Temp\surefire16185521869871080941 2021-05-14T23-54-33_240-jvmRun1 surefire6227752079644049955tmp surefire_03231985581818176264tmp"/>
    <property name="jdk.debug" value="release"/>
    <property name="surefire.test.class.path" value="F:\MultiThreadedCucumberTestNgFramework\multiThread\target\test-classes;F:\MultiThreadedCucumberTestNgFramework\multiThread\target\classes;C:\Users\User\.m2\repository\io\cucumber\cucumber-java\6.9.0\cucumber-java-6.9.0.jar;C:\Users\User\.m2\repository\io\cucumber\cucumber-core\6.9.0\cucumber-core-6.9.0.jar;C:\Users\User\.m2\repository\io\cucumber\cucumber-gherkin\6.9.0\cucumber-gherkin-6.9.0.jar;C:\Users\User\.m2\repository\io\cucumber\cucumber-gherkin-messages\6.9.0\cucumber-gherkin-messages-6.9.0.jar;C:\Users\User\.m2\repository\io\cucumber\messages\13.2.0\messages-13.2.0.jar;C:\Users\User\.m2\repository\io\cucumber\tag-expressions\3.0.0\tag-expressions-3.0.0.jar;C:\Users\User\.m2\repository\io\cucumber\cucumber-expressions\10.3.0\cucumber-expressions-10.3.0.jar;C:\Users\User\.m2\repository\io\cucumber\datatable\3.5.0\datatable-3.5.0.jar;C:\Users\User\.m2\repository\io\cucumber\cucumber-plugin\6.9.0\cucumber-plugin-6.9.0.jar;C:\Users\User\.m2\repository\io\cucumber\docstring\6.9.0\docstring-6.9.0.jar;C:\Users\User\.m2\repository\io\cucumber\html-formatter\9.0.0\html-formatter-9.0.0.jar;C:\Users\User\.m2\repository\io\cucumber\create-meta\2.0.4\create-meta-2.0.4.jar;C:\Users\User\.m2\repository\org\apiguardian\apiguardian-api\1.1.0\apiguardian-api-1.1.0.jar;C:\Users\User\.m2\repository\io\cucumber\cucumber-junit\6.9.0\cucumber-junit-6.9.0.jar;C:\Users\User\.m2\repository\junit\junit\4.13.1\junit-4.13.1.jar;C:\Users\User\.m2\repository\org\hamcrest\hamcrest-core\1.3\hamcrest-core-1.3.jar;C:\Users\User\.m2\repository\org\seleniumhq\selenium\selenium-java\3.141.59\selenium-java-3.141.59.jar;C:\Users\User\.m2\repository\org\seleniumhq\selenium\selenium-api\3.141.59\selenium-api-3.141.59.jar;C:\Users\User\.m2\repository\org\seleniumhq\selenium\selenium-chrome-driver\3.141.59\selenium-chrome-driver-3.141.59.jar;C:\Users\User\.m2\repository\org\seleniumhq\selenium\selenium-edge-driver\3.141.59\selenium-edge-driver-3.141.59.jar;C:\Users\User\.m2\repository\org\seleniumhq\selenium\selenium-firefox-driver\3.141.59\selenium-firefox-driver-3.141.59.jar;C:\Users\User\.m2\repository\org\seleniumhq\selenium\selenium-ie-driver\3.141.59\selenium-ie-driver-3.141.59.jar;C:\Users\User\.m2\repository\org\seleniumhq\selenium\selenium-opera-driver\3.141.59\selenium-opera-driver-3.141.59.jar;C:\Users\User\.m2\repository\org\seleniumhq\selenium\selenium-remote-driver\3.141.59\selenium-remote-driver-3.141.59.jar;C:\Users\User\.m2\repository\org\seleniumhq\selenium\selenium-safari-driver\3.141.59\selenium-safari-driver-3.141.59.jar;C:\Users\User\.m2\repository\org\seleniumhq\selenium\selenium-support\3.141.59\selenium-support-3.141.59.jar;C:\Users\User\.m2\repository\net\bytebuddy\byte-buddy\1.8.15\byte-buddy-1.8.15.jar;C:\Users\User\.m2\repository\org\apache\commons\commons-exec\1.3\commons-exec-1.3.jar;C:\Users\User\.m2\repository\com\google\guava\guava\25.0-jre\guava-25.0-jre.jar;C:\Users\User\.m2\repository\com\google\code\findbugs\jsr305\1.3.9\jsr305-1.3.9.jar;C:\Users\User\.m2\repository\org\checkerframework\checker-compat-qual\2.0.0\checker-compat-qual-2.0.0.jar;C:\Users\User\.m2\repository\com\google\errorprone\error_prone_annotations\2.1.3\error_prone_annotations-2.1.3.jar;C:\Users\User\.m2\repository\com\google\j2objc\j2objc-annotations\1.1\j2objc-annotations-1.1.jar;C:\Users\User\.m2\repository\org\codehaus\mojo\animal-sniffer-annotations\1.14\animal-sniffer-annotations-1.14.jar;C:\Users\User\.m2\repository\com\squareup\okhttp3\okhttp\3.11.0\okhttp-3.11.0.jar;C:\Users\User\.m2\repository\com\squareup\okio\okio\1.14.0\okio-1.14.0.jar;C:\Users\User\.m2\repository\io\github\bonigarcia\webdrivermanager\4.2.2\webdrivermanager-4.2.2.jar;C:\Users\User\.m2\repository\org\slf4j\slf4j-api\1.7.30\slf4j-api-1.7.30.jar;C:\Users\User\.m2\repository\commons-io\commons-io\2.8.0\commons-io-2.8.0.jar;C:\Users\User\.m2\repository\com\google\code\gson\gson\2.8.6\gson-2.8.6.jar;C:\Users\User\.m2\repository\org\apache\commons\commons-lang3\3.11\commons-lang3-3.11.jar;C:\Users\User\.m2\repository\org\apache\httpcomponents\client5\httpclient5\5.0.1\httpclient5-5.0.1.jar;C:\Users\User\.m2\repository\org\apache\httpcomponents\core5\httpcore5\5.0.1\httpcore5-5.0.1.jar;C:\Users\User\.m2\repository\org\apache\httpcomponents\core5\httpcore5-h2\5.0.1\httpcore5-h2-5.0.1.jar;C:\Users\User\.m2\repository\org\rauschig\jarchivelib\1.1.0\jarchivelib-1.1.0.jar;C:\Users\User\.m2\repository\org\jsoup\jsoup\1.13.1\jsoup-1.13.1.jar;C:\Users\User\.m2\repository\tech\grasshopper\extentreports-cucumber6-adapter\2.6.0\extentreports-cucumber6-adapter-2.6.0.jar;C:\Users\User\.m2\repository\com\aventstack\extentreports\5.0.5\extentreports-5.0.5.jar;C:\Users\User\.m2\repository\io\reactivex\rxjava3\rxjava\3.0.4\rxjava-3.0.4.jar;C:\Users\User\.m2\repository\org\reactivestreams\reactive-streams\1.0.3\reactive-streams-1.0.3.jar;C:\Users\User\.m2\repository\org\freemarker\freemarker\2.3.30\freemarker-2.3.30.jar;C:\Users\User\.m2\repository\org\projectlombok\lombok\1.18.12\lombok-1.18.12.jar;C:\Users\User\.m2\repository\tech\grasshopper\extent-pdf-report\1.5.0\extent-pdf-report-1.5.0.jar;C:\Users\User\.m2\repository\tech\grasshopper\cucumber-pdf-report\1.7.0\cucumber-pdf-report-1.7.0.jar;C:\Users\User\.m2\repository\org\apache\pdfbox\pdfbox\2.0.21\pdfbox-2.0.21.jar;C:\Users\User\.m2\repository\org\apache\pdfbox\fontbox\2.0.21\fontbox-2.0.21.jar;C:\Users\User\.m2\repository\org\knowm\xchart\xchart\3.6.5\xchart-3.6.5.jar;C:\Users\User\.m2\repository\de\erichseifert\vectorgraphics2d\VectorGraphics2D\0.13\VectorGraphics2D-0.13.jar;C:\Users\User\.m2\repository\de\rototor\pdfbox\graphics2d\0.27\graphics2d-0.27.jar;C:\Users\User\.m2\repository\com\madgag\animated-gif-lib\1.4\animated-gif-lib-1.4.jar;C:\Users\User\.m2\repository\com\github\vandeseer\easytable\0.7.1\easytable-0.7.1.jar;C:\Users\User\.m2\repository\com\github\ralfstuckert\pdfbox-layout\pdfbox2-layout\1.0.0\pdfbox2-layout-1.0.0.jar;C:\Users\User\.m2\repository\org\yaml\snakeyaml\1.27\snakeyaml-1.27.jar;C:\Users\User\.m2\repository\com\aventstack\klov-reporter\5.0.5\klov-reporter-5.0.5.jar;C:\Users\User\.m2\repository\org\mongodb\bson\3.6.4\bson-3.6.4.jar;C:\Users\User\.m2\repository\org\apache\httpcomponents\httpclient\4.5.2\httpclient-4.5.2.jar;C:\Users\User\.m2\repository\org\apache\httpcomponents\httpcore\4.4.4\httpcore-4.4.4.jar;C:\Users\User\.m2\repository\commons-logging\commons-logging\1.2\commons-logging-1.2.jar;C:\Users\User\.m2\repository\org\apache\httpcomponents\httpmime\4.5.2\httpmime-4.5.2.jar;C:\Users\User\.m2\repository\org\mongodb\mongodb-driver\3.3.0\mongodb-driver-3.3.0.jar;C:\Users\User\.m2\repository\org\mongodb\mongodb-driver-core\3.3.0\mongodb-driver-core-3.3.0.jar;C:\Users\User\.m2\repository\org\testng\testng\6.14.3\testng-6.14.3.jar;C:\Users\User\.m2\repository\com\beust\jcommander\1.72\jcommander-1.72.jar;C:\Users\User\.m2\repository\org\apache-extras\beanshell\bsh\2.0b6\bsh-2.0b6.jar;C:\Users\User\.m2\repository\io\cucumber\cucumber-testng\6.9.0\cucumber-testng-6.9.0.jar;C:\Users\User\.m2\repository\org\apache\poi\poi\4.1.2\poi-4.1.2.jar;C:\Users\User\.m2\repository\commons-codec\commons-codec\1.13\commons-codec-1.13.jar;C:\Users\User\.m2\repository\org\apache\commons\commons-collections4\4.4\commons-collections4-4.4.jar;C:\Users\User\.m2\repository\org\apache\commons\commons-math3\3.6.1\commons-math3-3.6.1.jar;C:\Users\User\.m2\repository\com\zaxxer\SparseBitSet\1.2\SparseBitSet-1.2.jar;C:\Users\User\.m2\repository\org\apache\poi\poi-ooxml\4.1.2\poi-ooxml-4.1.2.jar;C:\Users\User\.m2\repository\org\apache\poi\poi-ooxml-schemas\4.1.2\poi-ooxml-schemas-4.1.2.jar;C:\Users\User\.m2\repository\org\apache\xmlbeans\xmlbeans\3.1.0\xmlbeans-3.1.0.jar;C:\Users\User\.m2\repository\org\apache\commons\commons-compress\1.19\commons-compress-1.19.jar;C:\Users\User\.m2\repository\com\github\virtuald\curvesapi\1.06\curvesapi-1.06.jar;"/>
    <property name="sun.cpu.endian" value="little"/>
    <property name="user.home" value="C:\Users\User"/>
    <property name="user.language" value="en"/>
    <property name="java.specification.vendor" value="Oracle Corporation"/>
    <property name="java.version.date" value="2019-01-15"/>
    <property name="java.home" value="C:\Program Files\Java\jdk-11.0.2"/>
    <property name="file.separator" value="\"/>
    <property name="basedir" value="F:\MultiThreadedCucumberTestNgFramework\multiThread"/>
    <property name="java.vm.compressedOopsMode" value="32-bit"/>
    <property name="line.separator" value="&#10;"/>
    <property name="java.specification.name" value="Java Platform API Specification"/>
    <property name="java.vm.specification.vendor" value="Oracle Corporation"/>
    <property name="java.awt.graphicsenv" value="sun.awt.Win32GraphicsEnvironment"/>
    <property name="surefire.real.class.path" value="C:\Users\User\AppData\Local\Temp\surefire16185521869871080941\surefirebooter8741044332906595636.jar"/>
    <property name="user.script" value=""/>
    <property name="sun.management.compiler" value="HotSpot 64-Bit Tiered Compilers"/>
    <property name="java.runtime.version" value="11.0.2+9-LTS"/>
    <property name="user.name" value="User"/>
    <property name="path.separator" value=";"/>
    <property name="os.version" value="10.0"/>
    <property name="java.runtime.name" value="Java(TM) SE Runtime Environment"/>
    <property name="file.encoding" value="Cp1252"/>
    <property name="java.vm.name" value="Java HotSpot(TM) 64-Bit Server VM"/>
    <property name="java.vendor.version" value="18.9"/>
    <property name="localRepository" value="C:\Users\User\.m2\repository"/>
    <property name="java.vendor.url.bug" value="http://bugreport.java.com/bugreport/"/>
    <property name="java.io.tmpdir" value="C:\Users\User\AppData\Local\Temp\"/>
    <property name="java.version" value="11.0.2"/>
    <property name="user.dir" value="F:\MultiThreadedCucumberTestNgFramework\multiThread"/>
    <property name="os.arch" value="amd64"/>
    <property name="java.vm.specification.name" value="Java Virtual Machine Specification"/>
    <property name="java.awt.printerjob" value="sun.awt.windows.WPrinterJob"/>
    <property name="sun.os.patch.level" value=""/>
    <property name="java.library.path" value="C:\Program Files\Java\jdk-11.0.2\bin;C:\WINDOWS\Sun\Java\bin;C:\WINDOWS\system32;C:\WINDOWS;C:/Program Files/Java/jdk-11.0.2/bin/server;C:/Program Files/Java/jdk-11.0.2/bin;C:\WINDOWS\system32;C:\WINDOWS;C:\WINDOWS\System32\Wbem;C:\WINDOWS\System32\WindowsPowerShell\v1.0\;C:\WINDOWS\System32\OpenSSH\;C:\Program Files\Java\jdk-11.0.2\bin;C:\Program Files (x86)\Intel\Intel(R) Management Engine Components\DAL;C:\Program Files\Intel\Intel(R) Management Engine Components\DAL;C:\Program Files\nodejs\;E:\apache-maven-3.6.2\bin;C:\Program Files\Git\cmd;C:\Users\User\AppData\Local\Microsoft\WindowsApps;;C:\Users\User\AppData\Local\Programs\Microsoft VS Code\bin;C:\Users\User\AppData\Roaming\npm;C:\WINDOWS\System32;;."/>
    <property name="java.vendor" value="Oracle Corporation"/>
    <property name="java.vm.info" value="mixed mode"/>
    <property name="java.vm.version" value="11.0.2+9-LTS"/>
    <property name="sun.io.unicode.encoding" value="UnicodeLittle"/>
    <property name="java.class.version" value="55.0"/>
  </properties>
  <testcase name="runScenario" classname="parallel.ParallelRun" time="83.794"/>
  <testcase name="runScenario" classname="parallel.ParallelRun" time="87.783"/>
  <testcase name="runScenario" classname="parallel.ParallelRun" time="88.927"/>
  <testcase name="runScenario" classname="parallel.ParallelRun" time="88.964">
    <failure message="expected:&lt;[My account] - My Store&gt; but was:&lt;[Login] - My Store&gt;" type="org.junit.ComparisonFailure"><![CDATA[org.junit.ComparisonFailure: expected:<[My account] - My Store> but was:<[Login] - My Store>
]]></failure>
  </testcase>
  <testcase name="runScenario" classname="parallel.ParallelRun" time="89.207">
    <failure message="expected:&lt;[My account - My Stor]e&gt; but was:&lt;[Error 406 - Not Acceptabl]e&gt;" type="org.junit.ComparisonFailure"><![CDATA[org.junit.ComparisonFailure: expected:<[My account - My Stor]e> but was:<[Error 406 - Not Acceptabl]e>
]]></failure>
    <system-out><![CDATA[
    Embedding Login_with_correct_credentials [image/png 156971 bytes]

]]></system-out>
  </testcase>
  <testcase name="runScenario" classname="parallel.ParallelRun" time="89.497">
    <failure message="expected:&lt;[My account] - My Store&gt; but was:&lt;[Login] - My Store&gt;" type="org.junit.ComparisonFailure"><![CDATA[org.junit.ComparisonFailure: expected:<[My account] - My Store> but was:<[Login] - My Store>
]]></failure>
    <system-out><![CDATA[  And user enters password "Selenium12345"                   # parallel.LoginPageSteps.user_enters_password(java.lang.String)
]]></system-out>
  </testcase>
  <testcase name="runScenario" classname="parallel.ParallelRun" time="89.669">
    <failure type="java.lang.AssertionError">java.lang.AssertionError
</failure>
    <system-out><![CDATA[
    Embedding Login_with_correct_credentials [image/png 156913 bytes]

]]></system-out>
  </testcase>
  <testcase name="runScenario" classname="parallel.ParallelRun" time="92.714">
    <failure type="java.lang.AssertionError">java.lang.AssertionError
</failure>
    <system-out><![CDATA[  And user clicks on Login button                            # parallel.LoginPageSteps.user_clicks_on_login_button()

    Embedding Login_with_correct_credentials [image/png 153388 bytes]

Page title :: Login - My Store
  Then user gets the title of the page                       # parallel.LoginPageSteps.user_gets_the_title_of_the_page()

    Embedding Login_with_correct_credentials [image/png 153388 bytes]

  And page title should be "My account - My Store"           # parallel.LoginPageSteps.page_title_should_be(java.lang.String)
      java.lang.AssertionError
	at org.junit.Assert.fail(Assert.java:87)
	at org.junit.Assert.assertTrue(Assert.java:42)
	at org.junit.Assert.assertTrue(Assert.java:53)
	at parallel.LoginPageSteps.page_title_should_be(LoginPageSteps.java:32)
	at âœ½.page title should be "My account - My Store"(file:///F:/MultiThreadedCucumberTestNgFramework/multiThread/src/test/resources/parallel/LoginPage.feature:18)


    Embedding Login_with_correct_credentials [image/png 153388 bytes]


    Embedding Login_with_correct_credentials [image/png 153388 bytes]

]]></system-out>
  </testcase>
</testsuite>